1711632609133	geckodriver	INFO	Listening on 127.0.0.1:51578
1711632612150	mozrunner::runner	INFO	Running command: "C:\\Program Files\\Mozilla Firefox\\firefox.exe" "--marionette" "--remote-debugging-port" "51579" "--remote-allow-hosts" "localhost" "-no-remote" "-profile" "C:\\Users\\hp\\AppData\\Local\\Temp\\rust_mozprofilebiJc7h"
console.warn: services.settings: Ignoring preference override of remote settings server
console.warn: services.settings: Allow by setting MOZ_REMOTE_SETTINGS_DEVTOOLS=1 in the environment
1711632612690	Marionette	INFO	Marionette enabled
Dynamically enable window occlusion 0
1711632612857	Marionette	INFO	Listening on port 51597
WebDriver BiDi listening on ws://127.0.0.1:51579
Read port: 51597
1711632613101	RemoteAgent	WARN	TLS certificate errors will be ignored for this session
1711632613135	RemoteAgent	INFO	Proxy settings initialised: {"proxyType":"manual","httpProxy":"127.0.0.1:51577","sslProxy":"127.0.0.1:51577"}
DevTools listening on ws://127.0.0.1:51579/devtools/browser/f6426d06-3e3f-45f2-a111-19e3e54b87f2
JavaScript warning: https://www.google.com/maps/_/js/k=maps.m.en.C_TKglCV_1o.2019.O/m=sc2,per,mo,lp,ep,ti,ds,stx,dwi,enr,pwd,dw,plm,log,b/am=JgCjAQg/rt=j/d=1/rs=ACT90oFpTiHokxeAQ00AeW6Ag38gP7_Kww?wli=m.xrtSYFVd5M8.loadSv.O%3A%3Bm.JBUDkj1ePkI.mapcore.O%3A%3B, line 2446: WEBGL_debug_renderer_info is deprecated in Firefox and will be removed. Please use RENDERER.
JavaScript warning: , line 0: WebGL warning: texSubImage: Texture has not been initialized prior to a partial upload, forcing the browser to clear it. This may be slow.
JavaScript warning: , line 0: WebGL warning: texSubImage: Tex image TEXTURE_2D level 0 is incurring lazy initialization.
JavaScript warning: , line 0: WebGL warning: texSubImage: Texture has not been initialized prior to a partial upload, forcing the browser to clear it. This may be slow.
JavaScript warning: , line 0: WebGL warning: texSubImage: Tex image TEXTURE_2D level 0 is incurring lazy initialization.
JavaScript warning: , line 0: WebGL warning: drawArraysInstanced: Tex image TEXTURE_2D level 0 is incurring lazy initialization.
JavaScript warning: , line 0: WebGL warning: texSubImage: Texture has not been initialized prior to a partial upload, forcing the browser to clear it. This may be slow.
JavaScript warning: , line 0: WebGL warning: texSubImage: Tex image TEXTURE_2D level 0 is incurring lazy initialization.
1711632635548	Marionette	INFO	Stopped listening on port 51597
Dynamically enable window occlusion 1
1711633712049	geckodriver	INFO	Listening on 127.0.0.1:52435
1711633715058	mozrunner::runner	INFO	Running command: "C:\\Program Files\\Mozilla Firefox\\firefox.exe" "--marionette" "--remote-debugging-port" "52436" "--remote-allow-hosts" "localhost" "-no-remote" "-profile" "C:\\Users\\hp\\AppData\\Local\\Temp\\rust_mozprofileOtctdl"
console.warn: services.settings: Ignoring preference override of remote settings server
console.warn: services.settings: Allow by setting MOZ_REMOTE_SETTINGS_DEVTOOLS=1 in the environment
1711633715620	Marionette	INFO	Marionette enabled
Dynamically enable window occlusion 0
1711633715799	Marionette	INFO	Listening on port 52447
WebDriver BiDi listening on ws://127.0.0.1:52436
Read port: 52447
1711633716087	RemoteAgent	WARN	TLS certificate errors will be ignored for this session
1711633716117	RemoteAgent	INFO	Proxy settings initialised: {"proxyType":"manual","httpProxy":"127.0.0.1:52439","sslProxy":"127.0.0.1:52439"}
DevTools listening on ws://127.0.0.1:52436/devtools/browser/a1698d7b-7846-4351-925b-d4fda5bea872
JavaScript warning: https://www.google.com/maps/_/js/k=maps.m.en.C_TKglCV_1o.2019.O/m=sc2,per,mo,lp,ep,ti,ds,stx,dwi,enr,pwd,dw,plm,log,b/am=JgCjAQg/rt=j/d=1/rs=ACT90oFpTiHokxeAQ00AeW6Ag38gP7_Kww?wli=m.xrtSYFVd5M8.loadSv.O%3A%3Bm.JBUDkj1ePkI.mapcore.O%3A%3B, line 2446: WEBGL_debug_renderer_info is deprecated in Firefox and will be removed. Please use RENDERER.
JavaScript warning: , line 0: WebGL warning: texSubImage: Texture has not been initialized prior to a partial upload, forcing the browser to clear it. This may be slow.
JavaScript warning: , line 0: WebGL warning: texSubImage: Tex image TEXTURE_2D level 0 is incurring lazy initialization.
JavaScript warning: , line 0: WebGL warning: texSubImage: Texture has not been initialized prior to a partial upload, forcing the browser to clear it. This may be slow.
JavaScript warning: , line 0: WebGL warning: texSubImage: Tex image TEXTURE_2D level 0 is incurring lazy initialization.
JavaScript warning: , line 0: WebGL warning: drawArraysInstanced: Tex image TEXTURE_2D level 0 is incurring lazy initialization.
JavaScript warning: , line 0: WebGL warning: texSubImage: Texture has not been initialized prior to a partial upload, forcing the browser to clear it. This may be slow.
JavaScript warning: , line 0: WebGL warning: texSubImage: Tex image TEXTURE_2D level 0 is incurring lazy initialization.
JavaScript warning: https://www.google.com/maps/_/js/k=maps.m.en.C_TKglCV_1o.2019.O/m=sc2,per,mo,lp,ep,ti,ds,stx,dwi,enr,pwd,dw,plm,log,b/am=JgCjAQg/rt=j/d=1/rs=ACT90oFpTiHokxeAQ00AeW6Ag38gP7_Kww?wli=m.xrtSYFVd5M8.loadSv.O%3A%3Bm.JBUDkj1ePkI.mapcore.O%3A%3B, line 387: Script terminated by timeout at:
_.Zm.prototype.init@https://www.google.com/maps/_/js/k=maps.m.en.C_TKglCV_1o.2019.O/m=sc2,per,mo,lp,ep,ti,ds,stx,dwi,enr,pwd,dw,plm,log,b/am=JgCjAQg/rt=j/d=1/rs=ACT90oFpTiHokxeAQ00AeW6Ag38gP7_Kww?wli=m.xrtSYFVd5M8.loadSv.O%3A%3Bm.JBUDkj1ePkI.mapcore.O%3A%3B:387:29
_.Zm@https://www.google.com/maps/_/js/k=maps.m.en.C_TKglCV_1o.2019.O/m=sc2,per,mo,lp,ep,ti,ds,stx,dwi,enr,pwd,dw,plm,log,b/am=JgCjAQg/rt=j/d=1/rs=ACT90oFpTiHokxeAQ00AeW6Ag38gP7_Kww?wli=m.xrtSYFVd5M8.loadSv.O%3A%3Bm.JBUDkj1ePkI.mapcore.O%3A%3B:386:2297
XGa@https://www.google.com/maps/_/js/k=maps.m.en.C_TKglCV_1o.2019.O/m=sc2,per,mo,lp,ep,ti,ds,stx,dwi,enr,pwd,dw,plm,log,b/am=JgCjAQg/rt=j/d=1/rs=ACT90oFpTiHokxeAQ00AeW6Ag38gP7_Kww?wli=m.xrtSYFVd5M8.loadSv.O%3A%3Bm.JBUDkj1ePkI.mapcore.O%3A%3B:395:378
c@https://www.google.com/maps/_/js/k=maps.m.en.C_TKglCV_1o.2019.O/ck=maps.m.DMIEZSGBbqo.L.F4.O/m=vwr,vd,a,nrw,owc,ob,sp,en,smi,sc,vlg,smr,as,wrc,std/am=JgCjAQg/rt=j/d=1/rs=ACT90oFAA4Gt1hP0e8Ea0F8neT0IL8y_MQ/ed=1/exm=sc2,per,mo,lp,ep,ti,ds,stx,dwi,enr,pwd,dw,plm,log,b:1514:256
b@https://www.google.com/maps/_/js/k=maps.m.en.C_TKglCV_1o.2019.O/m=sc2,per,mo,lp,ep,ti,ds,stx,dwi,enr,pwd,dw,plm,log,b/am=JgCjAQg/rt=j/d=1/rs=ACT90oFpTiHokxeAQ00AeW6Ag38gP7_Kww?wli=m.xrtSYFVd5M8.loadSv.O%3A%3Bm.JBUDkj1ePkI.mapcore.O%3A%3B:393:51

1711633737328	Marionette	INFO	Stopped listening on port 52447
Dynamically enable window occlusion 1
1711634079691	geckodriver	INFO	Listening on 127.0.0.1:52651
1711634082728	mozrunner::runner	INFO	Running command: "C:\\Program Files\\Mozilla Firefox\\firefox.exe" "--marionette" "--remote-debugging-port" "52652" "--remote-allow-hosts" "localhost" "-no-remote" "-profile" "C:\\Users\\hp\\AppData\\Local\\Temp\\rust_mozprofileT2ADfn"
console.warn: services.settings: Ignoring preference override of remote settings server
console.warn: services.settings: Allow by setting MOZ_REMOTE_SETTINGS_DEVTOOLS=1 in the environment
1711634083142	Marionette	INFO	Marionette enabled
Dynamically enable window occlusion 0
1711634083296	Marionette	INFO	Listening on port 52662
WebDriver BiDi listening on ws://127.0.0.1:52652
Read port: 52662
1711634083525	RemoteAgent	WARN	TLS certificate errors will be ignored for this session
1711634083558	RemoteAgent	INFO	Proxy settings initialised: {"proxyType":"manual","httpProxy":"127.0.0.1:52655","sslProxy":"127.0.0.1:52655"}
DevTools listening on ws://127.0.0.1:52652/devtools/browser/5d214ab1-8805-4586-93b7-19d8c0b00c14
JavaScript warning: https://www.google.com/maps/_/js/k=maps.m.en.C_TKglCV_1o.2019.O/m=sc2,per,mo,lp,ep,ti,ds,stx,dwi,enr,pwd,dw,plm,log,b/am=JgCjAQg/rt=j/d=1/rs=ACT90oFpTiHokxeAQ00AeW6Ag38gP7_Kww?wli=m.xrtSYFVd5M8.loadSv.O%3A%3Bm.JBUDkj1ePkI.mapcore.O%3A%3B, line 2446: WEBGL_debug_renderer_info is deprecated in Firefox and will be removed. Please use RENDERER.
JavaScript warning: , line 0: WebGL warning: texSubImage: Texture has not been initialized prior to a partial upload, forcing the browser to clear it. This may be slow.
JavaScript warning: , line 0: WebGL warning: texSubImage: Tex image TEXTURE_2D level 0 is incurring lazy initialization.
JavaScript warning: , line 0: WebGL warning: texSubImage: Texture has not been initialized prior to a partial upload, forcing the browser to clear it. This may be slow.
JavaScript warning: , line 0: WebGL warning: texSubImage: Tex image TEXTURE_2D level 0 is incurring lazy initialization.
JavaScript warning: , line 0: WebGL warning: drawArraysInstanced: Tex image TEXTURE_2D level 0 is incurring lazy initialization.
JavaScript warning: , line 0: WebGL warning: texSubImage: Texture has not been initialized prior to a partial upload, forcing the browser to clear it. This may be slow.
JavaScript warning: , line 0: WebGL warning: texSubImage: Tex image TEXTURE_2D level 0 is incurring lazy initialization.
1711634112704	Marionette	INFO	Stopped listening on port 52662
Dynamically enable window occlusion 1
1711635150672	geckodriver	INFO	Listening on 127.0.0.1:53011
1711635153695	mozrunner::runner	INFO	Running command: "C:\\Program Files\\Mozilla Firefox\\firefox.exe" "--marionette" "--remote-debugging-port" "53012" "--remote-allow-hosts" "localhost" "-no-remote" "-profile" "C:\\Users\\hp\\AppData\\Local\\Temp\\rust_mozprofilesnqWEq"
console.warn: services.settings: Ignoring preference override of remote settings server
console.warn: services.settings: Allow by setting MOZ_REMOTE_SETTINGS_DEVTOOLS=1 in the environment
1711635154099	Marionette	INFO	Marionette enabled
Dynamically enable window occlusion 0
1711635154246	Marionette	INFO	Listening on port 53022
WebDriver BiDi listening on ws://127.0.0.1:53012
Read port: 53022
1711635154458	RemoteAgent	WARN	TLS certificate errors will be ignored for this session
1711635154487	RemoteAgent	INFO	Proxy settings initialised: {"proxyType":"manual","httpProxy":"127.0.0.1:53015","sslProxy":"127.0.0.1:53015"}
DevTools listening on ws://127.0.0.1:53012/devtools/browser/10887023-1fa4-437a-b97d-1a386532910c
JavaScript warning: https://www.google.com/maps/_/js/k=maps.m.en.cUTej5BWfvE.2019.O/m=sc2,per,mo,lp,ep,ti,ds,stx,dwi,enr,pwd,dw,plm,log,b/am=JgCjAQg/rt=j/d=1/rs=ACT90oGnA84Q94I96iKsgkrFJOloxZKeoA?wli=m.rSFFdqUFrhU.loadSv.O%3A%3Bm.5wLh4WAPvL8.mapcore.O%3A%3B, line 2447: WEBGL_debug_renderer_info is deprecated in Firefox and will be removed. Please use RENDERER.
JavaScript warning: , line 0: WebGL warning: texSubImage: Texture has not been initialized prior to a partial upload, forcing the browser to clear it. This may be slow.
JavaScript warning: , line 0: WebGL warning: texSubImage: Tex image TEXTURE_2D level 0 is incurring lazy initialization.
JavaScript warning: , line 0: WebGL warning: texSubImage: Texture has not been initialized prior to a partial upload, forcing the browser to clear it. This may be slow.
JavaScript warning: , line 0: WebGL warning: texSubImage: Tex image TEXTURE_2D level 0 is incurring lazy initialization.
JavaScript warning: , line 0: WebGL warning: drawArraysInstanced: Tex image TEXTURE_2D level 0 is incurring lazy initialization.
JavaScript warning: , line 0: WebGL warning: texSubImage: Texture has not been initialized prior to a partial upload, forcing the browser to clear it. This may be slow.
JavaScript warning: , line 0: WebGL warning: texSubImage: Tex image TEXTURE_2D level 0 is incurring lazy initialization.
1711635185012	addons.xpi	ERROR	System addon update list error SyntaxError: XMLHttpRequest.open: 'http://%(server)s/dummy-system-addons.xml' is not a valid URL.
1711636480706	Marionette	INFO	Stopped listening on port 53022
Dynamically enable window occlusion 1
ng command: "C:\\Program Files\\Mozilla Firefox\\firefox.exe" "--marionette" "--remote-debugging-port" "53298" "--remote-allow-hosts" "localhost" "-no-remote" "-profile" "C:\\Users\\hp\\AppData\\Local\\Temp\\rust_mozprofileYxRx0u"
console.warn: services.settings: Ignoring preference override of remote settings server
console.warn: services.settings: Allow by setting MOZ_REMOTE_SETTINGS_DEVTOOLS=1 in the environment
1711635461074	Marionette	INFO	Marionette enabled
Dynamically enable window occlusion 0
1711635461230	Marionette	INFO	Listening on port 53309
WebDriver BiDi listening on ws://127.0.0.1:53298
Read port: 53309
1711635461470	RemoteAgent	WARN	TLS certificate errors will be ignored for this session
1711635461500	RemoteAgent	INFO	Proxy settings initialised: {"proxyType":"manual","httpProxy":"127.0.0.1:53301","sslProxy":"127.0.0.1:53301"}
DevTools listening on ws://127.0.0.1:53298/devtools/browser/65c32d85-ef80-4174-b108-d259f91ed121
JavaScript warning: https://www.google.com/maps/_/js/k=maps.m.en.cUTej5BWfvE.2019.O/m=sc2,per,mo,lp,ep,ti,ds,stx,dwi,enr,pwd,dw,plm,log,b/am=JgCjAQg/rt=j/d=1/rs=ACT90oGnA84Q94I96iKsgkrFJOloxZKeoA?wli=m.rSFFdqUFrhU.loadSv.O%3A%3Bm.5wLh4WAPvL8.mapcore.O%3A%3B, line 2447: WEBGL_debug_renderer_info is deprecated in Firefox and will be removed. Please use RENDERER.
JavaScript warning: , line 0: WebGL warning: texSubImage: Texture has not been initialized prior to a partial upload, forcing the browser to clear it. This may be slow.
JavaScript warning: , line 0: WebGL warning: texSubImage: Tex image TEXTURE_2D level 0 is incurring lazy initialization.
JavaScript warning: , line 0: WebGL warning: texSubImage: Texture has not been initialized prior to a partial upload, forcing the browser to clear it. This may be slow.
JavaScript warning: , line 0: WebGL warning: texSubImage: Tex image TEXTURE_2D level 0 is incurring lazy initialization.
JavaScript warning: , line 0: WebGL warning: drawArraysInstanced: Tex image TEXTURE_2D level 0 is incurring lazy initialization.
JavaScript warning: , line 0: WebGL warning: texSubImage: Texture has not been initialized prior to a partial upload, forcing the browser to clear it. This may be slow.
JavaScript warning: , line 0: WebGL warning: texSubImage: Tex image TEXTURE_2D level 0 is incurring lazy initialization.
1711635491954	addons.xpi	ERROR	System addon update list error SyntaxError: XMLHttpRequest.open: 'http://%(server)s/dummy-system-addons.xml' is not a valid URL.
JavaScript warning: https://www.google.com/maps/_/js/k=maps.m.en.cUTej5BWfvE.2019.O/m=sc2,per,mo,lp,ep,ti,ds,stx,dwi,enr,pwd,dw,plm,log,b/am=JgCjAQg/rt=j/d=1/rs=ACT90oGnA84Q94I96iKsgkrFJOloxZKeoA?wli=m.rSFFdqUFrhU.loadSv.O%3A%3Bm.5wLh4WAPvL8.mapcore.O%3A%3B line 193 > eval, line 68: Script terminated by timeout at:
_.ub<@https://www.google.com/maps/_/js/k=maps.m.en.cUTej5BWfvE.2019.O/m=sc2,per,mo,lp,ep,ti,ds,stx,dwi,enr,pwd,dw,plm,log,b/am=JgCjAQg/rt=j/d=1/rs=ACT90oGnA84Q94I96iKsgkrFJOloxZKeoA?wli=m.rSFFdqUFrhU.loadSv.O%3A%3Bm.5wLh4WAPvL8.mapcore.O%3A%3B line 193 > eval:68:884
_.$c@https://www.google.com/maps/_/js/k=maps.m.en.cUTej5BWfvE.2019.O/m=sc2,per,mo,lp,ep,ti,ds,stx,dwi,enr,pwd,dw,plm,log,b/am=JgCjAQg/rt=j/d=1/rs=ACT90oGnA84Q94I96iKsgkrFJOloxZKeoA?wli=m.rSFFdqUFrhU.loadSv.O%3A%3Bm.5wLh4WAPvL8.mapcore.O%3A%3B line 193 > eval:69:782
_.fe@https://www.google.com/maps/_/js/k=maps.m.en.cUTej5BWfvE.2019.O/m=sc2,per,mo,lp,ep,ti,ds,stx,dwi,enr,pwd,dw,plm,log,b/am=JgCjAQg/rt=j/d=1/rs=ACT90oGnA84Q94I96iKsgkrFJOloxZKeoA?wli=m.rSFFdqUFrhU.loadSv.O%3A%3Bm.5wLh4WAPvL8.mapcore.O%3A%3B line 193 > eval:77:377
$h@https://www.google.com/maps/_/js/k=maps.m.en.cUTej5BWfvE.2019.O/m=sc2,per,mo,lp,ep,ti,ds,stx,dwi,enr,pwd,dw,plm,log,b/am=JgCjAQg/rt=j/d=1/rs=ACT90oGnA84Q94I96iKsgkrFJOloxZKeoA?wli=m.rSFFdqUFrhU.loadSv.O%3A%3Bm.5wLh4WAPvL8.mapcore.O%3A%3B line 193 > eval:172:120
Uh@https://www.google.com/maps/_/js/k=maps.m.en.cUTej5BWfvE.2019.O/m=sc2,per,mo,lp,ep,ti,ds,stx,dwi,enr,pwd,dw,plm,log,b/am=JgCjAQg/rt=j/d=1/rs=ACT90oGnA84Q94I96iKsgkrFJOloxZKeoA?wli=m.rSFFdqUFrhU.loadSv.O%3A%3Bm.5wLh4WAPvL8.mapcore.O%3A%3B line 193 > eval:171:241
Ph.prototype.K@https://www.google.com/maps/_/js/k=maps.m.en.cUTej5BWfvE.2019.O/m=sc2,per,mo,lp,ep,ti,ds,stx,dwi,enr,pwd,dw,plm,log,b/am=JgCjAQg/rt=j/d=1/rs=ACT90oGnA84Q94I96iKsgkrFJOloxZKeoA?wli=m.rSFFdqUFrhU.loadSv.O%3A%3Bm.5wLh4WAPvL8.mapcore.O%3A%3B line 193 > eval:167:285
Ph/<@https://www.google.com/maps/_/js/k=maps.m.en.cUTej5BWfvE.2019.O/m=sc2,per,mo,lp,ep,ti,ds,stx,dwi,enr,pwd,dw,plm,log,b/am=JgCjAQg/rt=j/d=1/rs=ACT90oGnA84Q94I96iKsgkrFJOloxZKeoA?wli=m.rSFFdqUFrhU.loadSv.O%3A%3Bm.5wLh4WAPvL8.mapcore.O%3A%3B line 193 > eval:162:364
Fe@https://www.google.com/maps/_/js/k=maps.m.en.cUTej5BWfvE.2019.O/m=sc2,per,mo,lp,ep,ti,ds,stx,dwi,enr,pwd,dw,plm,log,b/am=JgCjAQg/rt=j/d=1/rs=ACT90oGnA84Q94I96iKsgkrFJOloxZKeoA?wli=m.rSFFdqUFrhU.loadSv.O%3A%3Bm.5wLh4WAPvL8.mapcore.O%3A%3B line 193 > eval:86:104
b@https://www.google.com/maps/_/js/k=maps.m.en.cUTej5BWfvE.2019.O/m=sc2,per,mo,lp,ep,ti,ds,stx,dwi,enr,pwd,dw,plm,log,b/am=JgCjAQgJavaScript warning: https://www.google.com/maps/_/js/k=maps.m.en.cUTej5BWfvE.2019.O/m=sc2,per,mo,lp,ep,ti,ds,stx,dwi,enr,pwd,dw,plm,log,b/am=JgCjAQg/rt=j/d=1/rs=ACT90oGnA84Q94I96iKsgkrFJOloxZKeoA?wli=m.rSFFdqUFrhU.loadSv.O%3A%3Bm.5wLh4WAPvL8.mapcore.O%3A%3B, line 729: Script terminated by timeout at:
N@https://www.google.com/maps/_/js/k=maps.m.en.cUTej5BWfvE.2019.O/m=sc2,per,mo,lp,ep,ti,ds,stx,dwi,enr,pwd,dw,plm,log,b/am=JgCjAQg/rt=j/d=1/rs=ACT90oGnA84Q94I96iKsgkrFJOloxZKeoA?wli=m.rSFFdqUFrhU.loadSv.O%3A%3Bm.5wLh4WAPvL8.mapcore.O%3A%3B:729:229
_.ZGa@https://www.google.com/maps/_/js/k=maps.m.en.cUTej5BWfvE.2019.O/m=sc2,per,mo,lp,ep,ti,ds,stx,dwi,enr,pwd,dw,plm,log,b/am=JgCjAQg/rt=j/d=1/rs=ACT90oGnA84Q94I96iKsgkrFJOloxZKeoA?wli=m.rSFFdqUFrhU.loadSv.O%3A%3Bm.5wLh4WAPvL8.mapcore.O%3A%3B:395:326
XGa@https://www.google.com/maps/_/js/k=maps.m.en.cUTej5BWfvE.2019.O/m=sc2,per,mo,lp,ep,ti,ds,stx,dwi,enr,pwd,dw,plm,log,b/am=JgCjAQg/rt=j/d=1/rs=ACT90oGnA84Q94I96iKsgkrFJOloxZKeoA?wli=m.rSFFdqUFrhU.loadSv.O%3A%3Bm.5wLh4WAPvL8.mapcore.O%3A%3B:395:372
c@https://www.google.com/maps/_/js/k=maps.m.en.cUTej5BWfvE.2019.O/ck=maps.m.IkusA7Nf25w.L.F4.O/m=vwr,vd,a,nrw,owc,ob,sp,en,smi,sc,vlg,smr,as,wrc,std/am=JgCjAQg/rt=j/d=1/rs=ACT90oH5AnfcYGc4wOoc05JCK-qx1jl3ew/ed=1/exm=sc2,per,mo,lp,ep,ti,ds,stx,dwi,enr,pwd,dw,plm,log,b:1516:256
b@https://www.google.com/maps/_/js/k=maps.m.en.cUTej5BWfvE.2019.O/m=sc2,per,mo,lp,ep,ti,ds,stx,dwi,enr,pwd,dw,plm,log,b/am=JgCjAQg/rt=j/d=1/rs=ACT90oGnA84Q94I96iKsgkrFJOloxZKeoA?wli=m.rSFFdqUFrhU.loadSv.O%3A%3Bm.5wLh4WAPvL8.mapcore.O%3A%3B:393:51

1711636484277	Marionette	INFO	Stopped listening on port 53732
Dynamically enable window occlusion 1
1711636506522	geckodriver	INFO	Listening on 127.0.0.1:53877
1711636509518	mozrunner::runner	INFO	Running command: "C:\\Program Files\\Mozilla Firefox\\firefox.exe" "--marionette" "--remote-debugging-port" "53878" "--remote-allow-hosts" "localhost" "-no-remote" "-profile" "C:\\Users\\hp\\AppData\\Local\\Temp\\rust_mozprofilesLdZdt"
console.warn: services.settings: Ignoring preference override of remote settings server
console.warn: services.settings: Allow by setting MOZ_REMOTE_SETTINGS_DEVTOOLS=1 in the environment
1711636510020	Marionette	INFO	Marionette enabled
Dynamically enable window occlusion 0
1711636510170	Marionette	INFO	Listening on port 53888
WebDriver BiDi listening on ws://127.0.0.1:53878
Read port: 53888
1711636510387	RemoteAgent	WARN	TLS certificate errors will be ignored for this session
1711636510418	RemoteAgent	INFO	Proxy settings initialised: {"proxyType":"manual","httpProxy":"127.0.0.1:53881","sslProxy":"127.0.0.1:53881"}
DevTools listening on ws://127.0.0.1:53878/devtools/browser/a4beb52d-2891-4e6c-89c4-225546eadaa6
JavaScript warning: https://www.google.com/maps/_/js/k=maps.m.en.WSRthPdQowg.2019.O/m=sc2,per,mo,lp,ep,ti,ds,stx,dwi,enr,pwd,dw,plm,log,b/am=JgCjAQg/rt=j/d=1/rs=ACT90oGVfGvmdb66L3-YdeXb8m7jyP7wSg?wli=m.I4E3lSUsjVw.loadSv.O%3A%3Bm.TCWD2CN3vTY.mapcore.O%3A%3B, line 2449: WEBGL_debug_renderer_info is deprecated in Firefox and will be removed. Please use RENDERER.
JavaScript warning: , line 0: WebGL warning: texSubImage: Texture has not been initialized prior to a partial upload, forcing the browser to clear it. This may be slow.
JavaScript warning: , line 0: WebGL warning: texSubImage: Tex image TEXTURE_2D level 0 is incurring lazy initialization.
JavaScript warning: , line 0: WebGL warning: texSubImage: Texture has not been initialized prior to a partial upload, forcing the browser to clear it. This may be slow.
JavaScript warning: , line 0: WebGL warning: texSubImage: Tex image TEXTURE_2D level 0 is incurring lazy initialization.
JavaScript warning: , line 0: WebGL warning: drawArraysInstanced: Tex image TEXTURE_2D level 0 is incurring lazy initialization.
JavaScript warning: , line 0: WebGL warning: texSubImage: Texture has not been initialized prior to a partial upload, forcing the browser to clear it. This may be slow.
JavaScript warning: , line 0: WebGL warning: texSubImage: Tex image TEXTURE_2D level 0 is incurring lazy initialization.
1711636540051	addons.xpi	ERROR	System addon update list error SyntaxError: XMLHttpRequest.open: 'http://%(server)s/dummy-system-addons.xml' is not a valid URL.
JavaScript warning: https://www.google.com/maps/_/js/k=maps.m.en.WSRthPdQowg.2019.O/ck=maps.m.PtWHTncQNLw.L.F4.O/m=vwr,vd,a,nrw,owc,ob,sp,en,smi,sc,vlg,smr,as,wrc,std/am=JgCjAQg/rt=j/d=1/rs=ACT90oHU77AoDkEUP01LSgfcOeYiTzj3OQ/ed=1/exm=sc2,per,mo,lp,ep,ti,ds,stx,dwi,enr,pwd,dw,plm,log,b, line 797: Script terminated by timeout at:
postMessage@https://www.google.com/maps/_/js/k=maps.m.en.WSRthPdQowg.2019.O/ck=maps.m.PtWHTncQNLw.L.F4.O/m=vwr,vd,a,nrw,owc,ob,sp,en,smi,sc,vlg,smr,as,wrc,std/am=JgCjAQg/rt=j/d=1/rs=ACT90oHU77AoDkEUP01LSgfcOeYiTzj3OQ/ed=1/exm=sc2,per,mo,lp,ep,ti,ds,stx,dwi,enr,pwd,dw,plm,log,b:797:374
_.ACi</<@https://www.google.com/maps/_/js/k=maps.m.en.WSRthPdQowg.2019.O/ck=maps.m.PtWHTncQNLw.L.F4.O/m=vwr,vd,a,nrw,owc,ob,sp,en,smi,sc,vlg,smr,as,wrc,std/am=JgCjAQg/rt=j/d=1/rs=ACT90oHU77AoDkEUP01LSgfcOeYiTzj3OQ/ed=1/exm=sc2,per,mo,lp,ep,ti,ds,stx,dwi,enr,pwd,dw,plm,log,b:757:372
e@https://www.google.com/maps/_/js/k=maps.m.en.WSRthPdQowg.2019.O/m=sc2,per,mo,lp,ep,ti,ds,stx,dwi,enr,pwd,dw,plm,log,b/am=JgCjAQg/rt=j/d=1/rs=ACT90oGVfGvmdb66L3-YdeXb8m7jyP7wSg?wli=m.I4E3lSUsjVw.loadSv.O%3A%3Bm.TCWD2CN3vTY.mapcore.O%3A%3B:237:429
_.$Ga@https://www.google.com/maps/_/js/k=maps.m.en.WSRthPdQowg.2019.O/m=sc2,per,mo,lp,ep,ti,ds,stx,dwi,enr,pwd,dw,plm,log,b/am=JgCjAQg/rt=j/d=1/rs=ACT90oGVfGvmdb66L3-YdeXb8m7jyP7wSg?wli=m.I4E3lSUsjVw.loadSv.O%3A%3Bm.TCWD2CN3vTY.mapcore.O%3A%3B:395:326
YGa@https://www.google.com/maps/_/js/k=maps.m.en.WSRthPdQowg.2019.O/m=sc2,per,mo,lp,ep,ti,ds,stx,dwi,enr,pwd,dw,plm,log,b/am=JgCjAQg/rt=j/d=1/rs=ACT90oGVfGvmdb66L3-YdeXb8m7jyP7wSg?wli=m.I4E3lSUsjVw.loadSv.O%3A%3Bm.TCWD2CN3vTY.mapcore.O%3A%3B:395:372
c@https://www.google.com/maps/_/js/k=maps.m.en.WSRthPdQowg.2019.O/ck=maps.m.PtWHTncQNLw.L.F4.O/m=vwr,vd,a,nrw,owc,ob,sp,en,smi,sc,vlg,smr,as,wrc,std/am=JgCjAQg/rt=j/d=1/rs=ACT90oHU77AoDkEUP01LSgfcOeYiTzj3OQ/ed=1/exm=sc2,per,mo,lp,ep,ti,ds,stx,dwi,enr,pwd,dw,plm,log,b:1516:256
b@https://www.google.com/maps/_/js/k=maps.m.en.WSRthPdQowg.2019.O/m=sc2,per,mo,lp,ep,ti,ds,stx,dwi,enr,pwd,dw,plm,log,b/am=JgCjAQg/rt=j/d=1/rs=ACT90oGVfGvmdb66L3-YdeXb8m7jyP7wSg?wli=m.I4E3lSUsjVw.loadSv.O%3A%3Bm.TCWD2CN3vTY.mapcore.O%3A%3B:393:51

1711636570300	Marionette	INFO	Stopped listening on port 53888
Dynamically enable window occlusion 1
*** UTM:SVC TimerManager:registerTimer called after profile-before-change notification. Ignoring timer registration for id: telemetry_modules_ping
*** UTM:SVC TimerManager:registerTimer called after profile-before-change notification. Ignoring timer registration for id: telemetry_untrustedmodules_ping
1711636965179	geckodriver	INFO	Listening on 127.0.0.1:54073
1711636968195	mozrunner::runner	INFO	Running command: "C:\\Program Files\\Mozilla Firefox\\firefox.exe" "--marionette" "--remote-debugging-port" "54074" "--remote-allow-hosts" "localhost" "-no-remote" "-profile" "C:\\Users\\hp\\AppData\\Local\\Temp\\rust_mozprofilegzkkqC"
console.warn: services.settings: Ignoring preference override of remote settings server
console.warn: services.settings: Allow by setting MOZ_REMOTE_SETTINGS_DEVTOOLS=1 in the environment
1711636968590	Marionette	INFO	Marionette enabled
Dynamically enable window occlusion 0
1711636968746	Marionette	INFO	Listening on port 54084
WebDriver BiDi listening on ws://127.0.0.1:54074
Read port: 54084
1711636968965	RemoteAgent	WARN	TLS certificate errors will be ignored for this session
1711636968996	RemoteAgent	INFO	Proxy settings initialised: {"proxyType":"manual","httpProxy":"127.0.0.1:54077","sslProxy":"127.0.0.1:54077"}
DevTools listening on ws://127.0.0.1:54074/devtools/browser/5a6569ef-57f2-4f19-a3d9-f89afe5b8a73
JavaScript warning: https://www.google.com/maps/_/js/k=maps.m.en.WSRthPdQowg.2019.O/m=sc2,per,mo,lp,ep,ti,ds,stx,dwi,enr,pwd,dw,plm,log,b/am=JgCjAQg/rt=j/d=1/rs=ACT90oGVfGvmdb66L3-YdeXb8m7jyP7wSg?wli=m.I4E3lSUsjVw.loadSv.O%3A%3Bm.TCWD2CN3vTY.mapcore.O%3A%3B, line 2449: WEBGL_debug_renderer_info is deprecated in Firefox and will be removed. Please use RENDERER.
JavaScript warning: , line 0: WebGL warning: texSubImage: Texture has not been initialized prior to a partial upload, forcing the browser to clear it. This may be slow.
JavaScript warning: , line 0: WebGL warning: texSubImage: Tex image TEXTURE_2D level 0 is incurring lazy initialization.
1711636999298	addons.xpi	ERROR	System addon update list error SyntaxError: XMLHttpRequest.open: 'http://%(server)s/dummy-system-addons.xml' is not a valid URL.
1711637039133	Marionette	INFO	Stopped listening on port 54084
Dynamically enable window occlusion 1
1711637053345	geckodriver	INFO	Listening on 127.0.0.1:54195
1711637056376	mozrunner::runner	INFO	Running command: "C:\\Program Files\\Mozilla Firefox\\firefox.exe" "--marionette" "--remote-debugging-port" "54196" "--remote-allow-hosts" "localhost" "-no-remote" "-profile" "C:\\Users\\hp\\AppData\\Local\\Temp\\rust_mozprofilewUPfQ9"
console.warn: services.settings: Ignoring preference override of remote settings server
console.warn: services.settings: Allow by setting MOZ_REMOTE_SETTINGS_DEVTOOLS=1 in the environment
1711637056766	Marionette	INFO	Marionette enabled
Dynamically enable window occlusion 0
1711637056917	Marionette	INFO	Listening on port 54206
WebDriver BiDi listening on ws://127.0.0.1:54196
Read port: 54206
1711637057164	RemoteAgent	WARN	TLS certificate errors will be ignored for this session
1711637057195	RemoteAgent	INFO	Proxy settings initialised: {"proxyType":"manual","httpProxy":"127.0.0.1:54199","sslProxy":"127.0.0.1:54199"}
DevTools listening on ws://127.0.0.1:54196/devtools/browser/3088b51e-bc8e-40ab-b877-f9568d2ea2b5
JavaScript warning: https://www.google.com/maps/_/js/k=maps.m.en.cUTej5BWfvE.2019.O/m=sc2,per,mo,lp,ep,ti,ds,stx,dwi,enr,pwd,dw,plm,log,b/am=JgCjAQg/rt=j/d=1/rs=ACT90oGnA84Q94I96iKsgkrFJOloxZKeoA?wli=m.rSFFdqUFrhU.loadSv.O%3A%3Bm.5wLh4WAPvL8.mapcore.O%3A%3B, line 2447: WEBGL_debug_renderer_info is deprecated in Firefox and will be removed. Please use RENDERER.
JavaScript warning: , line 0: WebGL warning: texSubImage: Texture has not been initialized prior to a partial upload, forcing the browser to clear it. This may be slow.
JavaScript warning: , line 0: WebGL warning: texSubImage: Tex image TEXTURE_2D level 0 is incurring lazy initialization.
JavaScript warning: , line 0: WebGL warning: texSubImage: Texture has not been initialized prior to a partial upload, forcing the browser to clear it. This may be slow.
JavaScript warning: , line 0: WebGL warning: texSubImage: Tex image TEXTURE_2D level 0 is incurring lazy initialization.
JavaScript warning: , line 0: WebGL warning: drawArraysInstanced: Tex image TEXTURE_2D level 0 is incurring lazy initialization.
JavaScript warning: , line 0: WebGL warning: texSubImage: Texture has not been initialized prior to a partial upload, forcing the browser to clear it. This may be slow.
JavaScript warning: , line 0: WebGL warning: texSubImage: Tex image TEXTURE_2D level 0 is incurring lazy initialization.
1711637086984	addons.xpi	ERROR	System addon update list error SyntaxError: XMLHttpRequest.open: 'http://%(server)s/dummy-system-addons.xml' is not a valid URL.
1711637144411	Marionette	INFO	Stopped listening on port 54206
Dynamically enable window occlusion 1
1711637241844	geckodriver	INFO	Listening on 127.0.0.1:54327
1711637244856	mozrunner::runner	INFO	Running command: "C:\\Program Files\\Mozilla Firefox\\firefox.exe" "--marionette" "--remote-debugging-port" "54328" "--remote-allow-hosts" "localhost" "-no-remote" "-profile" "C:\\Users\\hp\\AppData\\Local\\Temp\\rust_mozprofileTxyY26"
console.warn: services.settings: Ignoring preference override of remote settings server
console.warn: services.settings: Allow by setting MOZ_REMOTE_SETTINGS_DEVTOOLS=1 in the environment
1711637245254	Marionette	INFO	Marionette enabled
Dynamically enable window occlusion 0
1711637245417	Marionette	INFO	Listening on port 54339
WebDriver BiDi listening on ws://127.0.0.1:54328
Read port: 54339
1711637245619	RemoteAgent	WARN	TLS certificate errors will be ignored for this session
1711637245648	RemoteAgent	INFO	Proxy settings initialised: {"proxyType":"manual","httpProxy":"127.0.0.1:54331","sslProxy":"127.0.0.1:54331"}
DevTools listening on ws://127.0.0.1:54328/devtools/browser/95fe8b11-29ab-4a76-8130-16fdd3850458
JavaScript warning: https://www.google.com/maps/_/js/k=maps.m.en.cUTej5BWfvE.2019.O/m=sc2,per,mo,lp,ep,ti,ds,stx,dwi,enr,pwd,dw,plm,log,b/am=JgCjAQg/rt=j/d=1/rs=ACT90oGnA84Q94I96iKsgkrFJOloxZKeoA?wli=m.rSFFdqUFrhU.loadSv.O%3A%3Bm.5wLh4WAPvL8.mapcore.O%3A%3B, line 2447: WEBGL_debug_renderer_info is deprecated in Firefox and will be removed. Please use RENDERER.
JavaScript warning: , line 0: WebGL warning: texSubImage: Texture has not been initialized prior to a partial upload, forcing the browser to clear it. This may be slow.
JavaScript warning: , line 0: WebGL warning: texSubImage: Tex image TEXTURE_2D level 0 is incurring lazy initialization.
JavaScript warning: , line 0: WebGL warning: texSubImage: Texture has not been initialized prior to a partial upload, forcing the browser to clear it. This may be slow.
JavaScript warning: , line 0: WebGL warning: texSubImage: Tex image TEXTURE_2D level 0 is incurring lazy initialization.
JavaScript warning: , line 0: WebGL warning: drawArraysInstanced: Tex image TEXTURE_2D level 0 is incurring lazy initialization.
JavaScript warning: , line 0: WebGL warning: texSubImage: Texture has not been initialized prior to a partial upload, forcing the browser to clear it. This may be slow.
JavaScript warning: , line 0: WebGL warning: texSubImage: Tex image TEXTURE_2D level 0 is incurring lazy initialization.
1711637275284	addons.xpi	ERROR	System addon update list error SyntaxError: XMLHttpRequest.open: 'http://%(server)s/dummy-system-addons.xml' is not a valid URL.
1711637333708	Marionette	INFO	Stopped listening on port 54339
Dynamically enable window occlusion 1
!!! error running onStopped callback: TypeError: callback is not a function
1711637983583	geckodriver	INFO	Listening on 127.0.0.1:54562
1711637986595	mozrunner::runner	INFO	Running command: "C:\\Program Files\\Mozilla Firefox\\firefox.exe" "--marionette" "--remote-debugging-port" "54563" "--remote-allow-hosts" "localhost" "-no-remote" "-profile" "C:\\Users\\hp\\AppData\\Local\\Temp\\rust_mozprofileIZcHLy"
console.warn: services.settings: Ignoring preference override of remote settings server
console.warn: services.settings: Allow by setting MOZ_REMOTE_SETTINGS_DEVTOOLS=1 in the environment
1711637986987	Marionette	INFO	Marionette enabled
Dynamically enable window occlusion 0
1711637987143	Marionette	INFO	Listening on port 54573
WebDriver BiDi listening on ws://127.0.0.1:54563
Read port: 54573
1711637987352	RemoteAgent	WARN	TLS certificate errors will be ignored for this session
1711637987381	RemoteAgent	INFO	Proxy settings initialised: {"proxyType":"manual","httpProxy":"127.0.0.1:54566","sslProxy":"127.0.0.1:54566"}
DevTools listening on ws://127.0.0.1:54563/devtools/browser/f17a99e0-5a72-49df-a13c-74a39e90507b
JavaScript warning: https://www.google.com/maps/_/js/k=maps.m.en.cUTej5BWfvE.2019.O/m=sc2,per,mo,lp,ep,ti,ds,stx,dwi,enr,pwd,dw,plm,log,b/am=JgCjAQg/rt=j/d=1/rs=ACT90oGnA84Q94I96iKsgkrFJOloxZKeoA?wli=m.rSFFdqUFrhU.loadSv.O%3A%3Bm.5wLh4WAPvL8.mapcore.O%3A%3B, line 2447: WEBGL_debug_renderer_info is deprecated in Firefox and will be removed. Please use RENDERER.
JavaScript warning: , line 0: WebGL warning: texSubImage: Texture has not been initialized prior to a partial upload, forcing the browser to clear it. This may be slow.
JavaScript warning: , line 0: WebGL warning: texSubImage: Tex image TEXTURE_2D level 0 is incurring lazy initialization.
JavaScript warning: , line 0: WebGL warning: texSubImage: Texture has not been initialized prior to a partial upload, forcing the browser to clear it. This may be slow.
JavaScript warning: , line 0: WebGL warning: texSubImage: Tex image TEXTURE_2D level 0 is incurring lazy initialization.
JavaScript warning: , line 0: WebGL warning: drawArraysInstanced: Tex image TEXTURE_2D level 0 is incurring lazy initialization.
JavaScript warning: , line 0: WebGL warning: texSubImage: Texture has not been initialized prior to a partial upload, forcing the browser to clear it. This may be slow.
JavaScript warning: , line 0: WebGL warning: texSubImage: Tex image TEXTURE_2D level 0 is incurring lazy initialization.
1711638017004	addons.xpi	ERROR	System addon update list error SyntaxError: XMLHttpRequest.open: 'http://%(server)s/dummy-system-addons.xml' is not a valid URL.
1711638054087	Marionette	INFO	Stopped listening on port 54573
Dynamically enable window occlusion 1
